<?xml version="1.0" encoding="UTF-8"?>
<!-- Generated by org.testng.reporters.JUnitReportReporter -->
<testsuite skipped="0" hostname="ip-172-31-23-119" name="testcases.SampleTest" tests="1" failures="0" timestamp="2022-03-30T07:45:35 UTC" time="0.013" errors="0">
  <testcase name="test1" time="0.013" classname="testcases.SampleTest"/>
  <system-out/>
</testsuite> <!-- testcases.SampleTest -->
